entry -> (-1, -1)
: -> (-1, -1)
{ -> (-1, -1)
number -> (-1, -1)
identifier -> 3
number -> (-1, -1)
identifier -> 4
identifier -> 3
-> -> (-1, -1)
constant -> 3
identifier -> 4
-> -> (-1, -1)
number -> (-1, -1)
identifier -> 2
while -> (-1, -1)
identifier -> 4
!= -> (-1, -1)
constant -> 0
: -> (-1, -1)
{ -> (-1, -1)
identifier -> 2
-> -> (-1, -1)
identifier -> 3
% -> (-1, -1)
identifier -> 4
identifier -> 3
-> -> (-1, -1)
identifier -> 4
identifier -> 4
-> -> (-1, -1)
identifier -> 2
identifier -> 1
-> -> (-1, -1)
identifier -> 1
- -> (-1, -1)
identifier -> 2
} -> (-1, -1)
show -> (-1, -1)
( -> (-1, -1)
identifier -> 3
) -> (-1, -1)
} -> (-1, -1)
exit -> (-1, -1)
